2025-8-25T17:25:59 GET / 200 9ms
2025-8-25T17:26:17 GET /68ac1ae88f1f2d0a925daa3f 404 5ms
2025-8-25T17:45:4 GET /api/user/login 200 143ms
2025-8-25T18:2:50 GET /api/user/login 200 93ms
2025-8-27T9:41:55 POST /api/products 200 3ms
2025-8-27T9:42:21 POST /api/products 200 9ms
2025-8-27T9:43:13 POST /api/products 400 3ms
2025-8-27T9:43:30 POST /api/products 400 4ms
2025-8-27T9:45:23 POST /api/products 500 3ms
2025-8-27T9:45:46 POST /api/products 400 3ms
2025-8-27T9:46:39 POST /api/products 400 5ms
2025-8-27T9:47:26 POST /api/products 400 4ms
2025-8-27T9:47:57 POST /api/products 400 4ms
2025-8-27T9:52:12 POST /api/user/signup 200 100ms
2025-8-27T9:52:28 POST /api/user/signup 400 4ms
2025-8-27T9:52:56 POST /api/user/signup 400 8ms
2025-8-27T10:6:7 POST /api/products 400 11ms
2025-8-27T10:6:19 POST /api/products 200 18ms
2025-8-27T10:7:16 POST /api/products 200 11ms
2025-8-27T10:10:20 POST /api/products 200 17ms
2025-8-27T10:10:42 GET /api/user/login 200 91ms
2025-8-27T14:16:7 POST /api/products 200 19ms
2025-8-27T14:19:44 POST /api/products 200 21ms
2025-8-27T14:19:58 GET /api/user/login 200 88ms
2025-8-27T14:20:16 POST /api/products 401 2ms
